{
  "stats": {
    "suites": 1,
    "tests": 1,
    "passes": 1,
    "pending": 0,
    "failures": 0,
    "start": "2024-08-17T06:06:28.752Z",
    "end": "2024-08-17T06:06:31.466Z",
    "duration": 2714,
    "testsRegistered": 1,
    "passPercent": 100,
    "pendingPercent": 0,
    "other": 0,
    "hasOther": false,
    "skipped": 0,
    "hasSkipped": false
  },
  "results": [
    {
      "uuid": "ece9e76e-7f0f-4765-b2c5-aa6a7dd43b05",
      "title": "",
      "fullFile": "cypress\\e2e\\autenticacion.cy.js",
      "file": "cypress\\e2e\\autenticacion.cy.js",
      "beforeHooks": [],
      "afterHooks": [],
      "tests": [],
      "suites": [
        {
          "uuid": "907dbfad-0473-4fc1-9753-94b98fe62be4",
          "title": "Screenplay con Cypress Version 2",
          "fullFile": "",
          "file": "",
          "beforeHooks": [],
          "afterHooks": [],
          "tests": [
            {
              "title": "Autenticación exitosa con Screenplay Version 2",
              "fullTitle": "Screenplay con Cypress Version 2 Autenticación exitosa con Screenplay Version 2",
              "timedOut": null,
              "duration": 1277,
              "state": "passed",
              "speed": "fast",
              "pass": true,
              "fail": false,
              "pending": false,
              "context": null,
              "code": "cy.loginInSaucedemo(\"standard_user\", \"secret_sauce\");\ncy.loginExitoso();",
              "err": {},
              "uuid": "37a822f5-f722-4849-925c-480bade95d40",
              "parentUUID": "907dbfad-0473-4fc1-9753-94b98fe62be4",
              "isHook": false,
              "skipped": false
            }
          ],
          "suites": [],
          "passes": [
            "37a822f5-f722-4849-925c-480bade95d40"
          ],
          "failures": [],
          "pending": [],
          "skipped": [],
          "duration": 1277,
          "root": false,
          "rootEmpty": false,
          "_timeout": 2000
        }
      ],
      "passes": [],
      "failures": [],
      "pending": [],
      "skipped": [],
      "duration": 0,
      "root": true,
      "rootEmpty": true,
      "_timeout": 2000
    }
  ],
  "meta": {
    "mocha": {
      "version": "7.0.1"
    },
    "mochawesome": {
      "options": {
        "quiet": false,
        "reportFilename": "mochawesome",
        "saveHtml": true,
        "saveJson": true,
        "consoleReporter": "spec",
        "useInlineDiffs": false,
        "code": true
      },
      "version": "7.1.3"
    },
    "marge": {
      "options": {
        "reportDir": "cypress/reports",
        "overwrite": false,
        "html": true,
        "json": true
      },
      "version": "6.2.0"
    }
  }
}